[debug] [2020-07-22T00:00:37.601Z] ----------------------------------------------------------------------
[debug] [2020-07-22T00:00:37.603Z] Command:       /usr/local/bin/node /usr/local/bin/firebase deploy
[debug] [2020-07-22T00:00:37.603Z] CLI Version:   8.6.0
[debug] [2020-07-22T00:00:37.603Z] Platform:      darwin
[debug] [2020-07-22T00:00:37.603Z] Node Version:  v12.18.0
[debug] [2020-07-22T00:00:37.612Z] Time:          Tue Jul 21 2020 20:00:37 GMT-0400 (Eastern Daylight Time)
[debug] [2020-07-22T00:00:37.612Z] ----------------------------------------------------------------------
[debug] [2020-07-22T00:00:37.612Z] 
[debug] [2020-07-22T00:00:37.636Z] > command requires scopes: ["email","openid","https://www.googleapis.com/auth/cloudplatformprojects.readonly","https://www.googleapis.com/auth/firebase","https://www.googleapis.com/auth/cloud-platform"]
[debug] [2020-07-22T00:00:37.637Z] > authorizing via signed-in user
[debug] [2020-07-22T00:00:37.637Z] [iam] checking project airblm for permissions ["firebase.projects.get","firebasehosting.sites.update"]
[debug] [2020-07-22T00:00:37.639Z] > refreshing access token with scopes: ["email","https://www.googleapis.com/auth/cloud-platform","https://www.googleapis.com/auth/cloudplatformprojects.readonly","https://www.googleapis.com/auth/firebase","openid"]
[debug] [2020-07-22T00:00:37.639Z] >>> HTTP REQUEST POST https://www.googleapis.com/oauth2/v3/token  
 <request body omitted>
[debug] [2020-07-22T00:00:47.944Z] [iam] error while checking permissions, command may fail: FirebaseError: Authentication Error: Your credentials are no longer valid. Please run firebase login --reauth

For CI servers and headless environments, generate a new token with firebase login:ci
[debug] [2020-07-22T00:00:47.946Z] > refreshing access token with scopes: ["email","https://www.googleapis.com/auth/cloud-platform","https://www.googleapis.com/auth/cloudplatformprojects.readonly","https://www.googleapis.com/auth/firebase","openid"]
[debug] [2020-07-22T00:00:47.946Z] >>> HTTP REQUEST POST https://www.googleapis.com/oauth2/v3/token  
 <request body omitted>
[debug] [2020-07-22T00:00:48.178Z] <<< HTTP RESPONSE 200 {"content-type":"application/json; charset=utf-8","vary":"X-Origin, Referer, Origin,Accept-Encoding","date":"Wed, 22 Jul 2020 00:00:48 GMT","server":"scaffolding on HTTPServer2","cache-control":"private","x-xss-protection":"0","x-frame-options":"SAMEORIGIN","x-content-type-options":"nosniff","alt-svc":"h3-29=\":443\"; ma=2592000,h3-27=\":443\"; ma=2592000,h3-25=\":443\"; ma=2592000,h3-T050=\":443\"; ma=2592000,h3-Q050=\":443\"; ma=2592000,h3-Q046=\":443\"; ma=2592000,h3-Q043=\":443\"; ma=2592000,quic=\":443\"; ma=2592000; v=\"46,43\"","accept-ranges":"none","transfer-encoding":"chunked"}
[debug] [2020-07-22T00:00:48.200Z] >>> HTTP REQUEST GET https://firebase.googleapis.com/v1beta1/projects/airblm  
 
[debug] [2020-07-22T00:00:48.561Z] <<< HTTP RESPONSE 200 {"content-type":"application/json; charset=UTF-8","vary":"X-Origin, Referer, Origin,Accept-Encoding","date":"Wed, 22 Jul 2020 00:00:48 GMT","server":"ESF","cache-control":"private","x-xss-protection":"0","x-frame-options":"SAMEORIGIN","x-content-type-options":"nosniff","alt-svc":"h3-29=\":443\"; ma=2592000,h3-27=\":443\"; ma=2592000,h3-25=\":443\"; ma=2592000,h3-T050=\":443\"; ma=2592000,h3-Q050=\":443\"; ma=2592000,h3-Q046=\":443\"; ma=2592000,h3-Q043=\":443\"; ma=2592000,quic=\":443\"; ma=2592000; v=\"46,43\"","accept-ranges":"none","transfer-encoding":"chunked"}
[info] 
[info] === Deploying to 'airblm'...
[info] 
[info] i  deploying hosting 
[debug] [2020-07-22T00:00:48.566Z] >>> HTTP REQUEST POST https://firebasehosting.googleapis.com/v1beta1/sites/airblm/versions  
 {"config":{"rewrites":[{"glob":"**","path":"/index.html"}]},"labels":{"deployment-tool":"cli-firebase"}}
[debug] [2020-07-22T00:00:49.916Z] <<< HTTP RESPONSE 200 {"content-type":"application/json; charset=UTF-8","vary":"X-Origin, Referer, Origin,Accept-Encoding","date":"Wed, 22 Jul 2020 00:00:49 GMT","server":"ESF","cache-control":"private","x-xss-protection":"0","x-frame-options":"SAMEORIGIN","x-content-type-options":"nosniff","alt-svc":"h3-29=\":443\"; ma=2592000,h3-27=\":443\"; ma=2592000,h3-T050=\":443\"; ma=2592000,h3-Q050=\":443\"; ma=2592000,h3-Q046=\":443\"; ma=2592000,h3-Q043=\":443\"; ma=2592000,quic=\":443\"; ma=2592000; v=\"46,43\"","accept-ranges":"none","transfer-encoding":"chunked"}
[info] i  hosting[airblm]: beginning deploy... 
[info] i  hosting[airblm]: found 24 files in build 
[debug] [2020-07-22T00:00:50.090Z] [hosting] hash cache [YnVpbGQ] stored for 24 files
[debug] [2020-07-22T00:00:50.090Z] [hosting][hash queue][FINAL] {"max":142,"min":13,"avg":28.291666666666668,"active":0,"complete":24,"success":24,"errored":0,"retried":0,"total":24,"elapsed":149}
[debug] [2020-07-22T00:00:50.090Z] >>> HTTP REQUEST POST https://firebasehosting.googleapis.com/v1beta1/sites/airblm/versions/87691b2b63bb10cf:populateFiles  
 <request body omitted>
[debug] [2020-07-22T00:00:50.796Z] <<< HTTP RESPONSE 200 {"content-type":"application/json; charset=UTF-8","vary":"X-Origin, Referer, Origin,Accept-Encoding","date":"Wed, 22 Jul 2020 00:00:50 GMT","server":"ESF","cache-control":"private","x-xss-protection":"0","x-frame-options":"SAMEORIGIN","x-content-type-options":"nosniff","alt-svc":"h3-29=\":443\"; ma=2592000,h3-27=\":443\"; ma=2592000,h3-T050=\":443\"; ma=2592000,h3-Q050=\":443\"; ma=2592000,h3-Q046=\":443\"; ma=2592000,h3-Q043=\":443\"; ma=2592000,quic=\":443\"; ma=2592000; v=\"46,43\"","accept-ranges":"none","transfer-encoding":"chunked"}
[debug] [2020-07-22T00:00:50.806Z] [hosting][populate queue][FINAL] {"max":710,"min":710,"avg":710,"active":0,"complete":1,"success":1,"errored":0,"retried":0,"total":1,"elapsed":718}
[debug] [2020-07-22T00:00:50.806Z] [hosting] uploads queued: 11
[debug] [2020-07-22T00:00:58.175Z] [hosting][upload queue][FINAL] {"max":7378,"min":1419,"avg":2587.090909090909,"active":0,"complete":11,"success":11,"errored":0,"retried":0,"total":11,"elapsed":7378}
[info] ✔  hosting[airblm]: file upload complete 
[debug] [2020-07-22T00:00:58.176Z] [hosting] deploy completed after 8258ms
[debug] [2020-07-22T00:01:00.210Z] [
  {
    "config": {
      "public": "build",
      "ignore": [
        "firebase.json",
        "**/.*",
        "**/node_modules/**"
      ],
      "rewrites": [
        {
          "source": "**",
          "destination": "/index.html"
        }
      ],
      "site": "airblm"
    },
    "site": "airblm",
    "version": "sites/airblm/versions/87691b2b63bb10cf"
  }
]
[info] i  hosting[airblm]: finalizing version... 
[debug] [2020-07-22T00:01:00.216Z] >>> HTTP REQUEST PATCH https://firebasehosting.googleapis.com/v1beta1/sites/airblm/versions/87691b2b63bb10cf?updateMask=status  
 {"status":"FINALIZED"}
[debug] [2020-07-22T00:01:00.941Z] <<< HTTP RESPONSE 200 {"content-type":"application/json; charset=UTF-8","vary":"X-Origin, Referer, Origin,Accept-Encoding","date":"Wed, 22 Jul 2020 00:01:00 GMT","server":"ESF","cache-control":"private","x-xss-protection":"0","x-frame-options":"SAMEORIGIN","x-content-type-options":"nosniff","alt-svc":"h3-29=\":443\"; ma=2592000,h3-27=\":443\"; ma=2592000,h3-T050=\":443\"; ma=2592000,h3-Q050=\":443\"; ma=2592000,h3-Q046=\":443\"; ma=2592000,h3-Q043=\":443\"; ma=2592000,quic=\":443\"; ma=2592000; v=\"46,43\"","accept-ranges":"none","transfer-encoding":"chunked"}
[debug] [2020-07-22T00:01:00.942Z] [hosting] finalized version for airblm: {"name":"sites/airblm/versions/87691b2b63bb10cf","status":"FINALIZED","config":{"rewrites":[{"glob":"**","path":"/index.html"}]},"labels":{"deployment-tool":"cli-firebase"},"createTime":"2020-07-22T00:00:48.976601Z","createUser":{"email":"scott@understandcovid.org"},"finalizeTime":"2020-07-22T00:01:00.845907Z","finalizeUser":{"email":"scott@understandcovid.org"}}
[info] ✔  hosting[airblm]: version finalized 
[info] i  hosting[airblm]: releasing new version... 
[debug] [2020-07-22T00:01:00.943Z] >>> HTTP REQUEST POST https://firebasehosting.googleapis.com/v1beta1/sites/airblm/releases?version_name=sites/airblm/versions/87691b2b63bb10cf  
 {"message":null}
[debug] [2020-07-22T00:01:14.443Z] Error: Client network socket disconnected before secure TLS connection was established
    at connResetException (internal/errors.js:609:14)
    at TLSSocket.onConnectEnd (_tls_wrap.js:1552:19)
    at Object.onceWrapper (events.js:421:28)
    at TLSSocket.emit (events.js:327:22)
    at TLSSocket.EventEmitter.emit (domain.js:482:12)
    at endReadableNT (_stream_readable.js:1221:12)
    at processTicksAndRejections (internal/process/task_queues.js:84:21)
[error] 
[error] Error: Server Error. Client network socket disconnected before secure TLS connection was established
[debug] [2020-07-22T00:01:27.003Z] ----------------------------------------------------------------------
[debug] [2020-07-22T00:01:27.004Z] Command:       /usr/local/bin/node /usr/local/bin/firebase deploy
[debug] [2020-07-22T00:01:27.005Z] CLI Version:   8.6.0
[debug] [2020-07-22T00:01:27.005Z] Platform:      darwin
[debug] [2020-07-22T00:01:27.005Z] Node Version:  v12.18.0
[debug] [2020-07-22T00:01:27.006Z] Time:          Tue Jul 21 2020 20:01:27 GMT-0400 (Eastern Daylight Time)
[debug] [2020-07-22T00:01:27.006Z] ----------------------------------------------------------------------
[debug] [2020-07-22T00:01:27.006Z] 
[debug] [2020-07-22T00:01:27.014Z] > command requires scopes: ["email","openid","https://www.googleapis.com/auth/cloudplatformprojects.readonly","https://www.googleapis.com/auth/firebase","https://www.googleapis.com/auth/cloud-platform"]
[debug] [2020-07-22T00:01:27.014Z] > authorizing via signed-in user
[debug] [2020-07-22T00:01:27.014Z] [iam] checking project airblm for permissions ["firebase.projects.get","firebasehosting.sites.update"]
[debug] [2020-07-22T00:01:27.017Z] >>> HTTP REQUEST POST https://cloudresourcemanager.googleapis.com/v1/projects/airblm:testIamPermissions  
 {"permissions":["firebase.projects.get","firebasehosting.sites.update"]}
[debug] [2020-07-22T00:01:27.437Z] <<< HTTP RESPONSE 200 {"content-type":"application/json; charset=UTF-8","vary":"X-Origin, Referer, Origin,Accept-Encoding","date":"Wed, 22 Jul 2020 00:01:27 GMT","server":"ESF","cache-control":"private","x-xss-protection":"0","x-frame-options":"SAMEORIGIN","x-content-type-options":"nosniff","server-timing":"gfet4t7; dur=172","alt-svc":"h3-29=\":443\"; ma=2592000,h3-27=\":443\"; ma=2592000,h3-25=\":443\"; ma=2592000,h3-T050=\":443\"; ma=2592000,h3-Q050=\":443\"; ma=2592000,h3-Q046=\":443\"; ma=2592000,h3-Q043=\":443\"; ma=2592000,quic=\":443\"; ma=2592000; v=\"46,43\"","accept-ranges":"none","transfer-encoding":"chunked"}
[debug] [2020-07-22T00:01:27.440Z] >>> HTTP REQUEST GET https://firebase.googleapis.com/v1beta1/projects/airblm  
 
[debug] [2020-07-22T00:01:27.760Z] <<< HTTP RESPONSE 200 {"content-type":"application/json; charset=UTF-8","vary":"X-Origin, Referer, Origin,Accept-Encoding","date":"Wed, 22 Jul 2020 00:01:27 GMT","server":"ESF","cache-control":"private","x-xss-protection":"0","x-frame-options":"SAMEORIGIN","x-content-type-options":"nosniff","alt-svc":"h3-29=\":443\"; ma=2592000,h3-27=\":443\"; ma=2592000,h3-25=\":443\"; ma=2592000,h3-T050=\":443\"; ma=2592000,h3-Q050=\":443\"; ma=2592000,h3-Q046=\":443\"; ma=2592000,h3-Q043=\":443\"; ma=2592000,quic=\":443\"; ma=2592000; v=\"46,43\"","accept-ranges":"none","transfer-encoding":"chunked"}
[info] 
[info] === Deploying to 'airblm'...
[info] 
[info] i  deploying hosting 
[debug] [2020-07-22T00:01:27.766Z] >>> HTTP REQUEST POST https://firebasehosting.googleapis.com/v1beta1/sites/airblm/versions  
 {"config":{"rewrites":[{"glob":"**","path":"/index.html"}]},"labels":{"deployment-tool":"cli-firebase"}}
[debug] [2020-07-22T00:01:48.456Z] Error: Client network socket disconnected before secure TLS connection was established
    at connResetException (internal/errors.js:609:14)
    at TLSSocket.onConnectEnd (_tls_wrap.js:1552:19)
    at Object.onceWrapper (events.js:421:28)
    at TLSSocket.emit (events.js:327:22)
    at TLSSocket.EventEmitter.emit (domain.js:482:12)
    at endReadableNT (_stream_readable.js:1221:12)
    at processTicksAndRejections (internal/process/task_queues.js:84:21)
[error] 
[error] Error: Server Error. Client network socket disconnected before secure TLS connection was established
